{"/home/malini/api-crud/app/javascript/api/ListItem.js": {"path":"/home/malini/api-crud/app/javascript/api/ListItem.js","statementMap":{"0":{"start":{"line":6,"column":17},"end":{"line":128,"column":1}},"1":{"start":{"line":7,"column":26},"end":{"line":7,"column":38}},"2":{"start":{"line":8,"column":26},"end":{"line":8,"column":38}},"3":{"start":{"line":9,"column":28},"end":{"line":9,"column":42}},"4":{"start":{"line":10,"column":32},"end":{"line":10,"column":44}},"5":{"start":{"line":11,"column":36},"end":{"line":11,"column":50}},"6":{"start":{"line":14,"column":20},"end":{"line":22,"column":3}},"7":{"start":{"line":15,"column":4},"end":{"line":21,"column":5}},"8":{"start":{"line":16,"column":23},"end":{"line":16,"column":84}},"9":{"start":{"line":17,"column":6},"end":{"line":17,"column":49}},"10":{"start":{"line":17,"column":39},"end":{"line":17,"column":47}},"11":{"start":{"line":20,"column":6},"end":{"line":20,"column":38}},"12":{"start":{"line":23,"column":2},"end":{"line":26,"column":8}},"13":{"start":{"line":24,"column":4},"end":{"line":24,"column":15}},"14":{"start":{"line":25,"column":4},"end":{"line":25,"column":15}},"15":{"start":{"line":28,"column":20},"end":{"line":36,"column":3}},"16":{"start":{"line":29,"column":4},"end":{"line":35,"column":5}},"17":{"start":{"line":30,"column":23},"end":{"line":30,"column":84}},"18":{"start":{"line":31,"column":6},"end":{"line":31,"column":49}},"19":{"start":{"line":31,"column":39},"end":{"line":31,"column":47}},"20":{"start":{"line":34,"column":6},"end":{"line":34,"column":38}},"21":{"start":{"line":37,"column":21},"end":{"line":46,"column":3}},"22":{"start":{"line":38,"column":4},"end":{"line":45,"column":5}},"23":{"start":{"line":39,"column":6},"end":{"line":39,"column":77}},"24":{"start":{"line":41,"column":22},"end":{"line":41,"column":61}},"25":{"start":{"line":41,"column":48},"end":{"line":41,"column":60}},"26":{"start":{"line":42,"column":6},"end":{"line":42,"column":23}},"27":{"start":{"line":44,"column":6},"end":{"line":44,"column":54}},"28":{"start":{"line":48,"column":21},"end":{"line":58,"column":3}},"29":{"start":{"line":49,"column":4},"end":{"line":57,"column":5}},"30":{"start":{"line":50,"column":23},"end":{"line":52,"column":8}},"31":{"start":{"line":53,"column":6},"end":{"line":53,"column":45}},"32":{"start":{"line":54,"column":6},"end":{"line":54,"column":21}},"33":{"start":{"line":56,"column":6},"end":{"line":56,"column":45}},"34":{"start":{"line":60,"column":19},"end":{"line":63,"column":3}},"35":{"start":{"line":61,"column":4},"end":{"line":61,"column":24}},"36":{"start":{"line":62,"column":4},"end":{"line":62,"column":28}},"37":{"start":{"line":65,"column":21},"end":{"line":77,"column":3}},"38":{"start":{"line":66,"column":4},"end":{"line":76,"column":5}},"39":{"start":{"line":67,"column":23},"end":{"line":69,"column":8}},"40":{"start":{"line":70,"column":27},"end":{"line":70,"column":85}},"41":{"start":{"line":70,"column":47},"end":{"line":70,"column":83}},"42":{"start":{"line":71,"column":6},"end":{"line":71,"column":28}},"43":{"start":{"line":72,"column":6},"end":{"line":72,"column":25}},"44":{"start":{"line":73,"column":6},"end":{"line":73,"column":21}},"45":{"start":{"line":75,"column":6},"end":{"line":75,"column":53}},"46":{"start":{"line":79,"column":2},"end":{"line":127,"column":3}},"47":{"start":{"line":85,"column":10},"end":{"line":88,"column":15}},"48":{"start":{"line":99,"column":27},"end":{"line":99,"column":53}},"49":{"start":{"line":105,"column":10},"end":{"line":123,"column":15}},"50":{"start":{"line":112,"column":35},"end":{"line":112,"column":61}},"51":{"start":{"line":114,"column":39},"end":{"line":114,"column":65}},"52":{"start":{"line":118,"column":67},"end":{"line":118,"column":82}},"53":{"start":{"line":120,"column":70},"end":{"line":120,"column":87}}},"fnMap":{"0":{"name":"(anonymous_0)","decl":{"start":{"line":6,"column":17},"end":{"line":6,"column":18}},"loc":{"start":{"line":6,"column":23},"end":{"line":128,"column":1}},"line":6},"1":{"name":"(anonymous_1)","decl":{"start":{"line":14,"column":20},"end":{"line":14,"column":21}},"loc":{"start":{"line":14,"column":32},"end":{"line":22,"column":3}},"line":14},"2":{"name":"(anonymous_2)","decl":{"start":{"line":17,"column":32},"end":{"line":17,"column":33}},"loc":{"start":{"line":17,"column":39},"end":{"line":17,"column":47}},"line":17},"3":{"name":"(anonymous_3)","decl":{"start":{"line":23,"column":12},"end":{"line":23,"column":13}},"loc":{"start":{"line":23,"column":18},"end":{"line":26,"column":3}},"line":23},"4":{"name":"(anonymous_4)","decl":{"start":{"line":28,"column":20},"end":{"line":28,"column":21}},"loc":{"start":{"line":28,"column":32},"end":{"line":36,"column":3}},"line":28},"5":{"name":"(anonymous_5)","decl":{"start":{"line":31,"column":32},"end":{"line":31,"column":33}},"loc":{"start":{"line":31,"column":39},"end":{"line":31,"column":47}},"line":31},"6":{"name":"(anonymous_6)","decl":{"start":{"line":37,"column":21},"end":{"line":37,"column":22}},"loc":{"start":{"line":37,"column":35},"end":{"line":46,"column":3}},"line":37},"7":{"name":"(anonymous_7)","decl":{"start":{"line":41,"column":34},"end":{"line":41,"column":35}},"loc":{"start":{"line":41,"column":48},"end":{"line":41,"column":60}},"line":41},"8":{"name":"(anonymous_8)","decl":{"start":{"line":48,"column":21},"end":{"line":48,"column":22}},"loc":{"start":{"line":48,"column":33},"end":{"line":58,"column":3}},"line":48},"9":{"name":"(anonymous_9)","decl":{"start":{"line":60,"column":19},"end":{"line":60,"column":20}},"loc":{"start":{"line":60,"column":30},"end":{"line":63,"column":3}},"line":60},"10":{"name":"(anonymous_10)","decl":{"start":{"line":65,"column":21},"end":{"line":65,"column":22}},"loc":{"start":{"line":65,"column":50},"end":{"line":77,"column":3}},"line":65},"11":{"name":"(anonymous_11)","decl":{"start":{"line":70,"column":36},"end":{"line":70,"column":37}},"loc":{"start":{"line":70,"column":47},"end":{"line":70,"column":83}},"line":70},"12":{"name":"(anonymous_12)","decl":{"start":{"line":84,"column":18},"end":{"line":84,"column":19}},"loc":{"start":{"line":85,"column":10},"end":{"line":88,"column":15}},"line":85},"13":{"name":"(anonymous_13)","decl":{"start":{"line":99,"column":20},"end":{"line":99,"column":21}},"loc":{"start":{"line":99,"column":27},"end":{"line":99,"column":53}},"line":99},"14":{"name":"(anonymous_14)","decl":{"start":{"line":104,"column":18},"end":{"line":104,"column":19}},"loc":{"start":{"line":105,"column":10},"end":{"line":123,"column":15}},"line":105},"15":{"name":"(anonymous_15)","decl":{"start":{"line":112,"column":28},"end":{"line":112,"column":29}},"loc":{"start":{"line":112,"column":35},"end":{"line":112,"column":61}},"line":112},"16":{"name":"(anonymous_16)","decl":{"start":{"line":114,"column":33},"end":{"line":114,"column":34}},"loc":{"start":{"line":114,"column":39},"end":{"line":114,"column":65}},"line":114},"17":{"name":"(anonymous_17)","decl":{"start":{"line":118,"column":61},"end":{"line":118,"column":62}},"loc":{"start":{"line":118,"column":67},"end":{"line":118,"column":82}},"line":118},"18":{"name":"(anonymous_18)","decl":{"start":{"line":120,"column":64},"end":{"line":120,"column":65}},"loc":{"start":{"line":120,"column":70},"end":{"line":120,"column":87}},"line":120}},"branchMap":{"0":{"loc":{"start":{"line":70,"column":47},"end":{"line":70,"column":83}},"type":"cond-expr","locations":[{"start":{"line":70,"column":61},"end":{"line":70,"column":79}},{"start":{"line":70,"column":82},"end":{"line":70,"column":83}}],"line":70},"1":{"loc":{"start":{"line":83,"column":9},"end":{"line":83,"column":32}},"type":"binary-expr","locations":[{"start":{"line":83,"column":9},"end":{"line":83,"column":14}},{"start":{"line":83,"column":18},"end":{"line":83,"column":32}}],"line":83},"2":{"loc":{"start":{"line":95,"column":9},"end":{"line":95,"column":32}},"type":"binary-expr","locations":[{"start":{"line":95,"column":9},"end":{"line":95,"column":14}},{"start":{"line":95,"column":18},"end":{"line":95,"column":32}}],"line":95},"3":{"loc":{"start":{"line":107,"column":13},"end":{"line":122,"column":13}},"type":"cond-expr","locations":[{"start":{"line":108,"column":14},"end":{"line":115,"column":17}},{"start":{"line":117,"column":14},"end":{"line":121,"column":17}}],"line":107}},"s":{"0":1,"1":4,"2":4,"3":4,"4":4,"5":4,"6":4,"7":1,"8":1,"9":1,"10":2,"11":0,"12":4,"13":1,"14":1,"15":4,"16":1,"17":1,"18":1,"19":2,"20":0,"21":4,"22":1,"23":1,"24":1,"25":2,"26":1,"27":0,"28":4,"29":1,"30":1,"31":1,"32":0,"33":1,"34":4,"35":1,"36":1,"37":4,"38":0,"39":0,"40":0,"41":0,"42":0,"43":0,"44":0,"45":0,"46":4,"47":6,"48":0,"49":4,"50":0,"51":0,"52":1,"53":1},"f":{"0":4,"1":1,"2":2,"3":1,"4":1,"5":2,"6":1,"7":2,"8":1,"9":1,"10":0,"11":0,"12":6,"13":0,"14":4,"15":0,"16":0,"17":1,"18":1},"b":{"0":[0,0],"1":[4,2],"2":[4,2],"3":[1,3]},"_coverageSchema":"1a1c01bbd47fc00a2c39e90264f33305004495a9","hash":"32108da07d3508201660fbaef19dd0ac6aaeb060"}
,"/home/malini/api-crud/app/javascript/api/MetricData.helper.js": {"path":"/home/malini/api-crud/app/javascript/api/MetricData.helper.js","statementMap":{"0":{"start":{"line":3,"column":34},"end":{"line":11,"column":1}},"1":{"start":{"line":4,"column":28},"end":{"line":4,"column":32}},"2":{"start":{"line":5,"column":26},"end":{"line":9,"column":4}},"3":{"start":{"line":6,"column":21},"end":{"line":6,"column":64}},"4":{"start":{"line":7,"column":23},"end":{"line":7,"column":75}},"5":{"start":{"line":8,"column":4},"end":{"line":8,"column":59}},"6":{"start":{"line":10,"column":2},"end":{"line":10,"column":25}},"7":{"start":{"line":27,"column":31},"end":{"line":67,"column":1}},"8":{"start":{"line":28,"column":23},"end":{"line":28,"column":25}},"9":{"start":{"line":29,"column":2},"end":{"line":37,"column":5}},"10":{"start":{"line":30,"column":4},"end":{"line":36,"column":7}},"11":{"start":{"line":31,"column":23},"end":{"line":31,"column":40}},"12":{"start":{"line":32,"column":6},"end":{"line":34,"column":7}},"13":{"start":{"line":33,"column":8},"end":{"line":33,"column":36}},"14":{"start":{"line":35,"column":6},"end":{"line":35,"column":97}},"15":{"start":{"line":39,"column":24},"end":{"line":39,"column":26}},"16":{"start":{"line":40,"column":2},"end":{"line":65,"column":5}},"17":{"start":{"line":41,"column":21},"end":{"line":41,"column":38}},"18":{"start":{"line":42,"column":19},"end":{"line":42,"column":48}},"19":{"start":{"line":43,"column":16},"end":{"line":43,"column":29}},"20":{"start":{"line":44,"column":16},"end":{"line":44,"column":29}},"21":{"start":{"line":45,"column":22},"end":{"line":50,"column":5}},"22":{"start":{"line":52,"column":30},"end":{"line":52,"column":84}},"23":{"start":{"line":53,"column":25},"end":{"line":58,"column":13}},"24":{"start":{"line":56,"column":8},"end":{"line":56,"column":70}},"25":{"start":{"line":59,"column":4},"end":{"line":64,"column":7}},"26":{"start":{"line":60,"column":6},"end":{"line":63,"column":7}},"27":{"start":{"line":66,"column":2},"end":{"line":66,"column":23}},"28":{"start":{"line":84,"column":42},"end":{"line":97,"column":1}},"29":{"start":{"line":85,"column":2},"end":{"line":96,"column":5}},"30":{"start":{"line":86,"column":25},"end":{"line":89,"column":6}},"31":{"start":{"line":87,"column":6},"end":{"line":88,"column":61}},"32":{"start":{"line":90,"column":21},"end":{"line":90,"column":67}},"33":{"start":{"line":91,"column":4},"end":{"line":95,"column":6}},"34":{"start":{"line":108,"column":33},"end":{"line":126,"column":1}},"35":{"start":{"line":109,"column":23},"end":{"line":109,"column":25}},"36":{"start":{"line":110,"column":2},"end":{"line":124,"column":5}},"37":{"start":{"line":111,"column":21},"end":{"line":111,"column":23}},"38":{"start":{"line":112,"column":23},"end":{"line":115,"column":6}},"39":{"start":{"line":113,"column":6},"end":{"line":114,"column":61}},"40":{"start":{"line":116,"column":4},"end":{"line":122,"column":5}},"41":{"start":{"line":117,"column":6},"end":{"line":117,"column":56}},"42":{"start":{"line":118,"column":11},"end":{"line":122,"column":5}},"43":{"start":{"line":119,"column":6},"end":{"line":119,"column":57}},"44":{"start":{"line":121,"column":6},"end":{"line":121,"column":82}},"45":{"start":{"line":123,"column":4},"end":{"line":123,"column":36}},"46":{"start":{"line":125,"column":2},"end":{"line":125,"column":24}},"47":{"start":{"line":128,"column":25},"end":{"line":134,"column":1}},"48":{"start":{"line":129,"column":2},"end":{"line":133,"column":3}},"49":{"start":{"line":136,"column":35},"end":{"line":163,"column":1}},"50":{"start":{"line":137,"column":28},"end":{"line":137,"column":61}},"51":{"start":{"line":138,"column":24},"end":{"line":138,"column":25}},"52":{"start":{"line":139,"column":24},"end":{"line":139,"column":25}},"53":{"start":{"line":140,"column":35},"end":{"line":140,"column":36}},"54":{"start":{"line":140,"column":67},"end":{"line":140,"column":68}},"55":{"start":{"line":141,"column":2},"end":{"line":146,"column":5}},"56":{"start":{"line":142,"column":4},"end":{"line":142,"column":59}},"57":{"start":{"line":143,"column":4},"end":{"line":143,"column":59}},"58":{"start":{"line":144,"column":4},"end":{"line":144,"column":82}},"59":{"start":{"line":145,"column":4},"end":{"line":145,"column":82}},"60":{"start":{"line":147,"column":21},"end":{"line":147,"column":36}},"61":{"start":{"line":148,"column":21},"end":{"line":148,"column":36}},"62":{"start":{"line":149,"column":2},"end":{"line":156,"column":3}},"63":{"start":{"line":150,"column":4},"end":{"line":152,"column":5}},"64":{"start":{"line":151,"column":6},"end":{"line":151,"column":65}},"65":{"start":{"line":153,"column":4},"end":{"line":155,"column":5}},"66":{"start":{"line":154,"column":6},"end":{"line":154,"column":65}},"67":{"start":{"line":157,"column":15},"end":{"line":157,"column":56}},"68":{"start":{"line":158,"column":2},"end":{"line":162,"column":4}},"69":{"start":{"line":165,"column":29},"end":{"line":172,"column":1}},"70":{"start":{"line":166,"column":2},"end":{"line":168,"column":3}},"71":{"start":{"line":167,"column":4},"end":{"line":167,"column":39}},"72":{"start":{"line":169,"column":21},"end":{"line":169,"column":48}},"73":{"start":{"line":170,"column":22},"end":{"line":170,"column":58}},"74":{"start":{"line":171,"column":2},"end":{"line":171,"column":46}},"75":{"start":{"line":176,"column":30},"end":{"line":182,"column":1}},"76":{"start":{"line":177,"column":24},"end":{"line":177,"column":39}},"77":{"start":{"line":178,"column":25},"end":{"line":180,"column":4}},"78":{"start":{"line":179,"column":4},"end":{"line":179,"column":92}},"79":{"start":{"line":181,"column":2},"end":{"line":181,"column":59}},"80":{"start":{"line":190,"column":29},"end":{"line":193,"column":1}},"81":{"start":{"line":191,"column":17},"end":{"line":191,"column":114}},"82":{"start":{"line":192,"column":2},"end":{"line":192,"column":16}},"83":{"start":{"line":195,"column":32},"end":{"line":198,"column":1}},"84":{"start":{"line":196,"column":14},"end":{"line":196,"column":35}},"85":{"start":{"line":197,"column":3},"end":{"line":197,"column":14}}},"fnMap":{"0":{"name":"(anonymous_0)","decl":{"start":{"line":3,"column":34},"end":{"line":3,"column":35}},"loc":{"start":{"line":3,"column":64},"end":{"line":11,"column":1}},"line":3},"1":{"name":"(anonymous_1)","decl":{"start":{"line":5,"column":66},"end":{"line":5,"column":67}},"loc":{"start":{"line":5,"column":90},"end":{"line":9,"column":3}},"line":5},"2":{"name":"(anonymous_2)","decl":{"start":{"line":27,"column":31},"end":{"line":27,"column":32}},"loc":{"start":{"line":27,"column":67},"end":{"line":67,"column":1}},"line":27},"3":{"name":"(anonymous_3)","decl":{"start":{"line":29,"column":26},"end":{"line":29,"column":27}},"loc":{"start":{"line":29,"column":43},"end":{"line":37,"column":3}},"line":29},"4":{"name":"(anonymous_4)","decl":{"start":{"line":30,"column":26},"end":{"line":30,"column":27}},"loc":{"start":{"line":30,"column":50},"end":{"line":36,"column":5}},"line":30},"5":{"name":"(anonymous_5)","decl":{"start":{"line":40,"column":24},"end":{"line":40,"column":25}},"loc":{"start":{"line":40,"column":41},"end":{"line":65,"column":3}},"line":40},"6":{"name":"(anonymous_6)","decl":{"start":{"line":55,"column":10},"end":{"line":55,"column":11}},"loc":{"start":{"line":55,"column":21},"end":{"line":57,"column":7}},"line":55},"7":{"name":"(anonymous_7)","decl":{"start":{"line":59,"column":50},"end":{"line":59,"column":51}},"loc":{"start":{"line":59,"column":74},"end":{"line":64,"column":5}},"line":59},"8":{"name":"(anonymous_8)","decl":{"start":{"line":84,"column":42},"end":{"line":84,"column":43}},"loc":{"start":{"line":84,"column":70},"end":{"line":97,"column":1}},"line":84},"9":{"name":"(anonymous_9)","decl":{"start":{"line":85,"column":49},"end":{"line":85,"column":50}},"loc":{"start":{"line":85,"column":73},"end":{"line":96,"column":3}},"line":85},"10":{"name":"(anonymous_10)","decl":{"start":{"line":86,"column":45},"end":{"line":86,"column":46}},"loc":{"start":{"line":86,"column":56},"end":{"line":89,"column":5}},"line":86},"11":{"name":"(anonymous_11)","decl":{"start":{"line":108,"column":33},"end":{"line":108,"column":34}},"loc":{"start":{"line":108,"column":105},"end":{"line":126,"column":1}},"line":108},"12":{"name":"(anonymous_12)","decl":{"start":{"line":110,"column":24},"end":{"line":110,"column":25}},"loc":{"start":{"line":110,"column":41},"end":{"line":124,"column":3}},"line":110},"13":{"name":"(anonymous_13)","decl":{"start":{"line":112,"column":48},"end":{"line":112,"column":49}},"loc":{"start":{"line":112,"column":59},"end":{"line":115,"column":5}},"line":112},"14":{"name":"(anonymous_14)","decl":{"start":{"line":128,"column":25},"end":{"line":128,"column":26}},"loc":{"start":{"line":128,"column":31},"end":{"line":134,"column":1}},"line":128},"15":{"name":"(anonymous_15)","decl":{"start":{"line":136,"column":35},"end":{"line":136,"column":36}},"loc":{"start":{"line":136,"column":64},"end":{"line":163,"column":1}},"line":136},"16":{"name":"(anonymous_16)","decl":{"start":{"line":141,"column":21},"end":{"line":141,"column":22}},"loc":{"start":{"line":141,"column":32},"end":{"line":146,"column":3}},"line":141},"17":{"name":"(anonymous_17)","decl":{"start":{"line":165,"column":29},"end":{"line":165,"column":30}},"loc":{"start":{"line":165,"column":61},"end":{"line":172,"column":1}},"line":165},"18":{"name":"(anonymous_18)","decl":{"start":{"line":176,"column":30},"end":{"line":176,"column":31}},"loc":{"start":{"line":176,"column":61},"end":{"line":182,"column":1}},"line":176},"19":{"name":"(anonymous_19)","decl":{"start":{"line":178,"column":41},"end":{"line":178,"column":42}},"loc":{"start":{"line":178,"column":53},"end":{"line":180,"column":3}},"line":178},"20":{"name":"(anonymous_20)","decl":{"start":{"line":190,"column":29},"end":{"line":190,"column":30}},"loc":{"start":{"line":190,"column":40},"end":{"line":193,"column":1}},"line":190},"21":{"name":"(anonymous_21)","decl":{"start":{"line":195,"column":32},"end":{"line":195,"column":33}},"loc":{"start":{"line":195,"column":45},"end":{"line":198,"column":1}},"line":195}},"branchMap":{"0":{"loc":{"start":{"line":7,"column":23},"end":{"line":7,"column":75}},"type":"cond-expr","locations":[{"start":{"line":7,"column":48},"end":{"line":7,"column":65}},{"start":{"line":7,"column":68},"end":{"line":7,"column":75}}],"line":7},"1":{"loc":{"start":{"line":32,"column":6},"end":{"line":34,"column":7}},"type":"if","locations":[{"start":{"line":32,"column":6},"end":{"line":34,"column":7}},{"start":{},"end":{}}],"line":32},"2":{"loc":{"start":{"line":46,"column":6},"end":{"line":46,"column":34}},"type":"cond-expr","locations":[{"start":{"line":46,"column":21},"end":{"line":46,"column":28}},{"start":{"line":46,"column":31},"end":{"line":46,"column":34}}],"line":46},"3":{"loc":{"start":{"line":47,"column":6},"end":{"line":47,"column":34}},"type":"cond-expr","locations":[{"start":{"line":47,"column":21},"end":{"line":47,"column":28}},{"start":{"line":47,"column":31},"end":{"line":47,"column":34}}],"line":47},"4":{"loc":{"start":{"line":62,"column":15},"end":{"line":62,"column":68}},"type":"binary-expr","locations":[{"start":{"line":62,"column":15},"end":{"line":62,"column":39}},{"start":{"line":62,"column":43},"end":{"line":62,"column":68}}],"line":62},"5":{"loc":{"start":{"line":87,"column":14},"end":{"line":88,"column":59}},"type":"binary-expr","locations":[{"start":{"line":87,"column":14},"end":{"line":87,"column":59}},{"start":{"line":88,"column":8},"end":{"line":88,"column":59}}],"line":87},"6":{"loc":{"start":{"line":108,"column":65},"end":{"line":108,"column":79}},"type":"default-arg","locations":[{"start":{"line":108,"column":74},"end":{"line":108,"column":79}}],"line":108},"7":{"loc":{"start":{"line":108,"column":81},"end":{"line":108,"column":100}},"type":"default-arg","locations":[{"start":{"line":108,"column":95},"end":{"line":108,"column":100}}],"line":108},"8":{"loc":{"start":{"line":113,"column":14},"end":{"line":114,"column":59}},"type":"binary-expr","locations":[{"start":{"line":113,"column":14},"end":{"line":113,"column":59}},{"start":{"line":114,"column":8},"end":{"line":114,"column":59}}],"line":113},"9":{"loc":{"start":{"line":116,"column":4},"end":{"line":122,"column":5}},"type":"if","locations":[{"start":{"line":116,"column":4},"end":{"line":122,"column":5}},{"start":{"line":118,"column":11},"end":{"line":122,"column":5}}],"line":116},"10":{"loc":{"start":{"line":116,"column":8},"end":{"line":116,"column":91}},"type":"binary-expr","locations":[{"start":{"line":116,"column":8},"end":{"line":116,"column":29}},{"start":{"line":116,"column":33},"end":{"line":116,"column":39}},{"start":{"line":116,"column":43},"end":{"line":116,"column":91}}],"line":116},"11":{"loc":{"start":{"line":118,"column":11},"end":{"line":122,"column":5}},"type":"if","locations":[{"start":{"line":118,"column":11},"end":{"line":122,"column":5}},{"start":{"line":120,"column":11},"end":{"line":122,"column":5}}],"line":118},"12":{"loc":{"start":{"line":118,"column":15},"end":{"line":118,"column":88}},"type":"binary-expr","locations":[{"start":{"line":118,"column":15},"end":{"line":118,"column":21}},{"start":{"line":118,"column":25},"end":{"line":118,"column":73}},{"start":{"line":118,"column":77},"end":{"line":118,"column":88}}],"line":118},"13":{"loc":{"start":{"line":142,"column":30},"end":{"line":142,"column":57}},"type":"binary-expr","locations":[{"start":{"line":142,"column":30},"end":{"line":142,"column":52}},{"start":{"line":142,"column":56},"end":{"line":142,"column":57}}],"line":142},"14":{"loc":{"start":{"line":143,"column":30},"end":{"line":143,"column":57}},"type":"binary-expr","locations":[{"start":{"line":143,"column":30},"end":{"line":143,"column":52}},{"start":{"line":143,"column":56},"end":{"line":143,"column":57}}],"line":143},"15":{"loc":{"start":{"line":144,"column":41},"end":{"line":144,"column":80}},"type":"binary-expr","locations":[{"start":{"line":144,"column":41},"end":{"line":144,"column":75}},{"start":{"line":144,"column":79},"end":{"line":144,"column":80}}],"line":144},"16":{"loc":{"start":{"line":145,"column":41},"end":{"line":145,"column":80}},"type":"binary-expr","locations":[{"start":{"line":145,"column":41},"end":{"line":145,"column":75}},{"start":{"line":145,"column":79},"end":{"line":145,"column":80}}],"line":145},"17":{"loc":{"start":{"line":149,"column":2},"end":{"line":156,"column":3}},"type":"if","locations":[{"start":{"line":149,"column":2},"end":{"line":156,"column":3}},{"start":{},"end":{}}],"line":149},"18":{"loc":{"start":{"line":150,"column":4},"end":{"line":152,"column":5}},"type":"if","locations":[{"start":{"line":150,"column":4},"end":{"line":152,"column":5}},{"start":{},"end":{}}],"line":150},"19":{"loc":{"start":{"line":153,"column":4},"end":{"line":155,"column":5}},"type":"if","locations":[{"start":{"line":153,"column":4},"end":{"line":155,"column":5}},{"start":{},"end":{}}],"line":153},"20":{"loc":{"start":{"line":166,"column":2},"end":{"line":168,"column":3}},"type":"if","locations":[{"start":{"line":166,"column":2},"end":{"line":168,"column":3}},{"start":{},"end":{}}],"line":166},"21":{"loc":{"start":{"line":167,"column":11},"end":{"line":167,"column":38}},"type":"cond-expr","locations":[{"start":{"line":167,"column":31},"end":{"line":167,"column":32}},{"start":{"line":167,"column":35},"end":{"line":167,"column":38}}],"line":167},"22":{"loc":{"start":{"line":171,"column":9},"end":{"line":171,"column":45}},"type":"cond-expr","locations":[{"start":{"line":171,"column":31},"end":{"line":171,"column":32}},{"start":{"line":171,"column":35},"end":{"line":171,"column":45}}],"line":171},"23":{"loc":{"start":{"line":179,"column":11},"end":{"line":179,"column":91}},"type":"binary-expr","locations":[{"start":{"line":179,"column":11},"end":{"line":179,"column":50}},{"start":{"line":179,"column":54},"end":{"line":179,"column":91}}],"line":179},"24":{"loc":{"start":{"line":181,"column":16},"end":{"line":181,"column":47}},"type":"binary-expr","locations":[{"start":{"line":181,"column":16},"end":{"line":181,"column":30}},{"start":{"line":181,"column":34},"end":{"line":181,"column":47}}],"line":181}},"s":{"0":4,"1":3,"2":3,"3":4,"4":4,"5":4,"6":3,"7":4,"8":1,"9":1,"10":2,"11":2,"12":2,"13":1,"14":2,"15":1,"16":1,"17":1,"18":1,"19":1,"20":1,"21":1,"22":1,"23":1,"24":9,"25":1,"26":9,"27":1,"28":4,"29":2,"30":2,"31":4,"32":2,"33":2,"34":4,"35":8,"36":8,"37":8,"38":8,"39":17,"40":8,"41":1,"42":7,"43":1,"44":6,"45":8,"46":8,"47":4,"48":2,"49":4,"50":14,"51":14,"52":14,"53":14,"54":14,"55":14,"56":24,"57":24,"58":24,"59":24,"60":14,"61":14,"62":14,"63":7,"64":6,"65":7,"66":6,"67":14,"68":14,"69":4,"70":18,"71":5,"72":13,"73":13,"74":13,"75":4,"76":2,"77":2,"78":3,"79":2,"80":4,"81":1,"82":1,"83":4,"84":1,"85":1},"f":{"0":3,"1":4,"2":1,"3":2,"4":2,"5":1,"6":9,"7":9,"8":2,"9":2,"10":4,"11":8,"12":8,"13":17,"14":2,"15":14,"16":24,"17":18,"18":2,"19":3,"20":1,"21":1},"b":{"0":[2,2],"1":[1,1],"2":[1,0],"3":[1,0],"4":[9,0],"5":[4,2],"6":[5],"7":[5],"8":[17,12],"9":[1,7],"10":[8,2,1],"11":[1,6],"12":[7,1,1],"13":[24,2],"14":[24,2],"15":[24,2],"16":[24,2],"17":[7,7],"18":[6,1],"19":[6,1],"20":[5,13],"21":[3,2],"22":[1,12],"23":[3,3],"24":[2,1]},"_coverageSchema":"1a1c01bbd47fc00a2c39e90264f33305004495a9","hash":"e22521b803c99cf6fa464c17a7d3dcaebfab56ed"}
,"/home/malini/api-crud/app/javascript/common/Comments.js": {"path":"/home/malini/api-crud/app/javascript/common/Comments.js","statementMap":{"0":{"start":{"line":3,"column":17},"end":{"line":31,"column":1}},"1":{"start":{"line":5,"column":34},"end":{"line":5,"column":46}},"2":{"start":{"line":6,"column":28},"end":{"line":6,"column":42}},"3":{"start":{"line":10,"column":2},"end":{"line":17,"column":8}},"4":{"start":{"line":11,"column":4},"end":{"line":16,"column":8}},"5":{"start":{"line":12,"column":21},"end":{"line":12,"column":31}},"6":{"start":{"line":13,"column":22},"end":{"line":13,"column":62}},"7":{"start":{"line":13,"column":52},"end":{"line":13,"column":60}},"8":{"start":{"line":15,"column":8},"end":{"line":15,"column":41}},"9":{"start":{"line":19,"column":2},"end":{"line":30,"column":3}},"10":{"start":{"line":25,"column":12},"end":{"line":25,"column":38}}},"fnMap":{"0":{"name":"(anonymous_0)","decl":{"start":{"line":3,"column":17},"end":{"line":3,"column":18}},"loc":{"start":{"line":3,"column":23},"end":{"line":31,"column":1}},"line":3},"1":{"name":"(anonymous_1)","decl":{"start":{"line":10,"column":12},"end":{"line":10,"column":13}},"loc":{"start":{"line":10,"column":18},"end":{"line":17,"column":3}},"line":10},"2":{"name":"(anonymous_2)","decl":{"start":{"line":12,"column":12},"end":{"line":12,"column":13}},"loc":{"start":{"line":12,"column":21},"end":{"line":12,"column":31}},"line":12},"3":{"name":"(anonymous_3)","decl":{"start":{"line":13,"column":12},"end":{"line":13,"column":13}},"loc":{"start":{"line":13,"column":22},"end":{"line":13,"column":62}},"line":13},"4":{"name":"(anonymous_4)","decl":{"start":{"line":13,"column":43},"end":{"line":13,"column":44}},"loc":{"start":{"line":13,"column":52},"end":{"line":13,"column":60}},"line":13},"5":{"name":"(anonymous_5)","decl":{"start":{"line":14,"column":13},"end":{"line":14,"column":14}},"loc":{"start":{"line":14,"column":22},"end":{"line":16,"column":7}},"line":14},"6":{"name":"(anonymous_6)","decl":{"start":{"line":24,"column":26},"end":{"line":24,"column":27}},"loc":{"start":{"line":25,"column":12},"end":{"line":25,"column":38}},"line":25}},"branchMap":{"0":{"loc":{"start":{"line":22,"column":9},"end":{"line":22,"column":32}},"type":"binary-expr","locations":[{"start":{"line":22,"column":9},"end":{"line":22,"column":14}},{"start":{"line":22,"column":18},"end":{"line":22,"column":32}}],"line":22}},"s":{"0":1,"1":2,"2":2,"3":2,"4":1,"5":1,"6":1,"7":2,"8":0,"9":2,"10":2},"f":{"0":2,"1":1,"2":1,"3":1,"4":2,"5":0,"6":2},"b":{"0":[2,0]},"_coverageSchema":"1a1c01bbd47fc00a2c39e90264f33305004495a9","hash":"f2517dc5471a76aae45e6d8b2f8ca0dcf7c3ace3"}
,"/home/malini/api-crud/app/javascript/common/Cont.js": {"path":"/home/malini/api-crud/app/javascript/common/Cont.js","statementMap":{"0":{"start":{"line":3,"column":13},"end":{"line":17,"column":1}},"1":{"start":{"line":4,"column":2},"end":{"line":16,"column":3}},"2":{"start":{"line":11,"column":87},"end":{"line":11,"column":92}}},"fnMap":{"0":{"name":"(anonymous_0)","decl":{"start":{"line":3,"column":13},"end":{"line":3,"column":14}},"loc":{"start":{"line":3,"column":25},"end":{"line":17,"column":1}},"line":3},"1":{"name":"(anonymous_1)","decl":{"start":{"line":11,"column":81},"end":{"line":11,"column":82}},"loc":{"start":{"line":11,"column":87},"end":{"line":11,"column":92}},"line":11}},"branchMap":{},"s":{"0":1,"1":3,"2":0},"f":{"0":3,"1":0},"b":{},"_coverageSchema":"1a1c01bbd47fc00a2c39e90264f33305004495a9","hash":"17313721d1c09ac69d9bfe51812d94e485b79336"}
,"/home/malini/api-crud/app/javascript/common/MobileApi.js": {"path":"/home/malini/api-crud/app/javascript/common/MobileApi.js","statementMap":{"0":{"start":{"line":5,"column":18},"end":{"line":69,"column":1}},"1":{"start":{"line":6,"column":32},"end":{"line":6,"column":44}},"2":{"start":{"line":7,"column":28},"end":{"line":7,"column":40}},"3":{"start":{"line":8,"column":28},"end":{"line":8,"column":40}},"4":{"start":{"line":10,"column":20},"end":{"line":18,"column":3}},"5":{"start":{"line":11,"column":4},"end":{"line":17,"column":5}},"6":{"start":{"line":12,"column":23},"end":{"line":12,"column":48}},"7":{"start":{"line":13,"column":6},"end":{"line":13,"column":31}},"8":{"start":{"line":16,"column":6},"end":{"line":16,"column":38}},"9":{"start":{"line":19,"column":2},"end":{"line":21,"column":8}},"10":{"start":{"line":20,"column":4},"end":{"line":20,"column":15}},"11":{"start":{"line":23,"column":2},"end":{"line":28,"column":4}},"12":{"start":{"line":24,"column":4},"end":{"line":27,"column":53}},"13":{"start":{"line":25,"column":19},"end":{"line":25,"column":29}},"14":{"start":{"line":26,"column":20},"end":{"line":26,"column":59}},"15":{"start":{"line":26,"column":48},"end":{"line":26,"column":57}},"16":{"start":{"line":27,"column":20},"end":{"line":27,"column":52}},"17":{"start":{"line":31,"column":2},"end":{"line":68,"column":3}},"18":{"start":{"line":47,"column":14},"end":{"line":52,"column":19}},"19":{"start":{"line":64,"column":12},"end":{"line":64,"column":38}}},"fnMap":{"0":{"name":"(anonymous_0)","decl":{"start":{"line":5,"column":18},"end":{"line":5,"column":19}},"loc":{"start":{"line":5,"column":24},"end":{"line":69,"column":1}},"line":5},"1":{"name":"(anonymous_1)","decl":{"start":{"line":10,"column":20},"end":{"line":10,"column":21}},"loc":{"start":{"line":10,"column":32},"end":{"line":18,"column":3}},"line":10},"2":{"name":"(anonymous_2)","decl":{"start":{"line":19,"column":12},"end":{"line":19,"column":13}},"loc":{"start":{"line":19,"column":18},"end":{"line":21,"column":3}},"line":19},"3":{"name":"(anonymous_3)","decl":{"start":{"line":23,"column":12},"end":{"line":23,"column":13}},"loc":{"start":{"line":23,"column":18},"end":{"line":28,"column":3}},"line":23},"4":{"name":"(anonymous_4)","decl":{"start":{"line":25,"column":10},"end":{"line":25,"column":11}},"loc":{"start":{"line":25,"column":19},"end":{"line":25,"column":29}},"line":25},"5":{"name":"(anonymous_5)","decl":{"start":{"line":26,"column":10},"end":{"line":26,"column":11}},"loc":{"start":{"line":26,"column":20},"end":{"line":26,"column":59}},"line":26},"6":{"name":"(anonymous_6)","decl":{"start":{"line":26,"column":38},"end":{"line":26,"column":39}},"loc":{"start":{"line":26,"column":48},"end":{"line":26,"column":57}},"line":26},"7":{"name":"(anonymous_7)","decl":{"start":{"line":27,"column":11},"end":{"line":27,"column":12}},"loc":{"start":{"line":27,"column":20},"end":{"line":27,"column":52}},"line":27},"8":{"name":"(anonymous_8)","decl":{"start":{"line":46,"column":28},"end":{"line":46,"column":29}},"loc":{"start":{"line":47,"column":14},"end":{"line":52,"column":19}},"line":47},"9":{"name":"(anonymous_9)","decl":{"start":{"line":63,"column":21},"end":{"line":63,"column":22}},"loc":{"start":{"line":64,"column":12},"end":{"line":64,"column":38}},"line":64}},"branchMap":{"0":{"loc":{"start":{"line":33,"column":7},"end":{"line":33,"column":34}},"type":"binary-expr","locations":[{"start":{"line":33,"column":7},"end":{"line":33,"column":12}},{"start":{"line":33,"column":16},"end":{"line":33,"column":34}}],"line":33},"1":{"loc":{"start":{"line":35,"column":7},"end":{"line":58,"column":9}},"type":"cond-expr","locations":[{"start":{"line":36,"column":8},"end":{"line":56,"column":16}},{"start":{"line":57,"column":11},"end":{"line":57,"column":31}}],"line":35},"2":{"loc":{"start":{"line":61,"column":9},"end":{"line":61,"column":32}},"type":"binary-expr","locations":[{"start":{"line":61,"column":9},"end":{"line":61,"column":14}},{"start":{"line":61,"column":18},"end":{"line":61,"column":32}}],"line":61}},"s":{"0":1,"1":3,"2":3,"3":3,"4":3,"5":3,"6":3,"7":0,"8":0,"9":3,"10":3,"11":3,"12":3,"13":0,"14":0,"15":0,"16":0,"17":3,"18":0,"19":0},"f":{"0":3,"1":3,"2":3,"3":3,"4":0,"5":0,"6":0,"7":0,"8":0,"9":0},"b":{"0":[3,0],"1":[3,0],"2":[3,0]},"_coverageSchema":"1a1c01bbd47fc00a2c39e90264f33305004495a9","hash":"2dc2d49c60f8aa1e7b457318e93e8ed692edf5d9"}
,"/home/malini/api-crud/app/javascript/common/MobileList.js": {"path":"/home/malini/api-crud/app/javascript/common/MobileList.js","statementMap":{"0":{"start":{"line":6,"column":19},"end":{"line":45,"column":1}},"1":{"start":{"line":11,"column":2},"end":{"line":44,"column":3}},"2":{"start":{"line":27,"column":14},"end":{"line":37,"column":19}},"3":{"start":{"line":33,"column":48},"end":{"line":33,"column":69}}},"fnMap":{"0":{"name":"(anonymous_0)","decl":{"start":{"line":6,"column":19},"end":{"line":6,"column":20}},"loc":{"start":{"line":6,"column":50},"end":{"line":45,"column":1}},"line":6},"1":{"name":"(anonymous_1)","decl":{"start":{"line":26,"column":28},"end":{"line":26,"column":29}},"loc":{"start":{"line":27,"column":14},"end":{"line":37,"column":19}},"line":27},"2":{"name":"(anonymous_2)","decl":{"start":{"line":33,"column":42},"end":{"line":33,"column":43}},"loc":{"start":{"line":33,"column":48},"end":{"line":33,"column":69}},"line":33}},"branchMap":{"0":{"loc":{"start":{"line":14,"column":7},"end":{"line":42,"column":7}},"type":"cond-expr","locations":[{"start":{"line":15,"column":8},"end":{"line":40,"column":16}},{"start":{"line":41,"column":8},"end":{"line":41,"column":28}}],"line":14}},"s":{"0":2,"1":2,"2":4,"3":1},"f":{"0":2,"1":4,"2":1},"b":{"0":[2,0]},"_coverageSchema":"1a1c01bbd47fc00a2c39e90264f33305004495a9","hash":"5a54e6f6ec8a1009a4ff19c5f2de69e0087d1607"}
,"/home/malini/api-crud/app/javascript/common/NavBar.js": {"path":"/home/malini/api-crud/app/javascript/common/NavBar.js","statementMap":{"0":{"start":{"line":4,"column":15},"end":{"line":14,"column":1}},"1":{"start":{"line":5,"column":2},"end":{"line":13,"column":3}}},"fnMap":{"0":{"name":"(anonymous_0)","decl":{"start":{"line":4,"column":15},"end":{"line":4,"column":16}},"loc":{"start":{"line":4,"column":21},"end":{"line":14,"column":1}},"line":4}},"branchMap":{},"s":{"0":2,"1":1},"f":{"0":1},"b":{},"_coverageSchema":"1a1c01bbd47fc00a2c39e90264f33305004495a9","hash":"6f39ba5c1d83cc2a75864b9c47562f9678354052"}
,"/home/malini/api-crud/app/javascript/common/PostForm.js": {"path":"/home/malini/api-crud/app/javascript/common/PostForm.js","statementMap":{"0":{"start":{"line":4,"column":17},"end":{"line":72,"column":1}},"1":{"start":{"line":7,"column":30},"end":{"line":10,"column":7}},"2":{"start":{"line":8,"column":8},"end":{"line":8,"column":59}},"3":{"start":{"line":12,"column":32},"end":{"line":14,"column":7}},"4":{"start":{"line":13,"column":8},"end":{"line":13,"column":59}},"5":{"start":{"line":16,"column":32},"end":{"line":18,"column":7}},"6":{"start":{"line":17,"column":8},"end":{"line":17,"column":59}},"7":{"start":{"line":20,"column":31},"end":{"line":22,"column":7}},"8":{"start":{"line":21,"column":9},"end":{"line":21,"column":59}},"9":{"start":{"line":24,"column":2},"end":{"line":71,"column":3}},"10":{"start":{"line":65,"column":61},"end":{"line":65,"column":85}},"11":{"start":{"line":66,"column":31},"end":{"line":66,"column":63}}},"fnMap":{"0":{"name":"(anonymous_0)","decl":{"start":{"line":4,"column":17},"end":{"line":4,"column":18}},"loc":{"start":{"line":4,"column":97},"end":{"line":72,"column":1}},"line":4},"1":{"name":"(anonymous_1)","decl":{"start":{"line":7,"column":30},"end":{"line":7,"column":31}},"loc":{"start":{"line":7,"column":37},"end":{"line":10,"column":7}},"line":7},"2":{"name":"(anonymous_2)","decl":{"start":{"line":12,"column":32},"end":{"line":12,"column":33}},"loc":{"start":{"line":12,"column":39},"end":{"line":14,"column":7}},"line":12},"3":{"name":"(anonymous_3)","decl":{"start":{"line":16,"column":32},"end":{"line":16,"column":33}},"loc":{"start":{"line":16,"column":39},"end":{"line":18,"column":7}},"line":16},"4":{"name":"(anonymous_4)","decl":{"start":{"line":20,"column":31},"end":{"line":20,"column":32}},"loc":{"start":{"line":20,"column":37},"end":{"line":22,"column":7}},"line":20},"5":{"name":"(anonymous_5)","decl":{"start":{"line":65,"column":55},"end":{"line":65,"column":56}},"loc":{"start":{"line":65,"column":61},"end":{"line":65,"column":85}},"line":65},"6":{"name":"(anonymous_6)","decl":{"start":{"line":66,"column":25},"end":{"line":66,"column":26}},"loc":{"start":{"line":66,"column":31},"end":{"line":66,"column":63}},"line":66}},"branchMap":{"0":{"loc":{"start":{"line":65,"column":9},"end":{"line":66,"column":130}},"type":"cond-expr","locations":[{"start":{"line":65,"column":24},"end":{"line":65,"column":102}},{"start":{"line":65,"column":105},"end":{"line":66,"column":130}}],"line":65},"1":{"loc":{"start":{"line":65,"column":105},"end":{"line":66,"column":130}},"type":"cond-expr","locations":[{"start":{"line":66,"column":8},"end":{"line":66,"column":80}},{"start":{"line":66,"column":84},"end":{"line":66,"column":130}}],"line":65}},"s":{"0":1,"1":4,"2":0,"3":4,"4":0,"5":4,"6":0,"7":4,"8":0,"9":4,"10":1,"11":0},"f":{"0":4,"1":0,"2":0,"3":0,"4":0,"5":1,"6":0},"b":{"0":[3,1],"1":[0,1]},"_coverageSchema":"1a1c01bbd47fc00a2c39e90264f33305004495a9","hash":"8d429e40769477b28ac3197bb1081e89e5d9e69a"}
,"/home/malini/api-crud/app/javascript/common/Users.js": {"path":"/home/malini/api-crud/app/javascript/common/Users.js","statementMap":{"0":{"start":{"line":3,"column":14},"end":{"line":30,"column":1}},"1":{"start":{"line":4,"column":28},"end":{"line":4,"column":40}},"2":{"start":{"line":5,"column":34},"end":{"line":5,"column":46}},"3":{"start":{"line":6,"column":28},"end":{"line":6,"column":42}},"4":{"start":{"line":8,"column":2},"end":{"line":15,"column":8}},"5":{"start":{"line":9,"column":4},"end":{"line":14,"column":8}},"6":{"start":{"line":10,"column":21},"end":{"line":10,"column":31}},"7":{"start":{"line":11,"column":22},"end":{"line":11,"column":59}},"8":{"start":{"line":11,"column":49},"end":{"line":11,"column":57}},"9":{"start":{"line":13,"column":8},"end":{"line":13,"column":41}},"10":{"start":{"line":19,"column":2},"end":{"line":29,"column":3}},"11":{"start":{"line":25,"column":10},"end":{"line":25,"column":36}}},"fnMap":{"0":{"name":"(anonymous_0)","decl":{"start":{"line":3,"column":14},"end":{"line":3,"column":15}},"loc":{"start":{"line":3,"column":20},"end":{"line":30,"column":1}},"line":3},"1":{"name":"(anonymous_1)","decl":{"start":{"line":8,"column":12},"end":{"line":8,"column":13}},"loc":{"start":{"line":8,"column":18},"end":{"line":15,"column":3}},"line":8},"2":{"name":"(anonymous_2)","decl":{"start":{"line":10,"column":12},"end":{"line":10,"column":13}},"loc":{"start":{"line":10,"column":21},"end":{"line":10,"column":31}},"line":10},"3":{"name":"(anonymous_3)","decl":{"start":{"line":11,"column":12},"end":{"line":11,"column":13}},"loc":{"start":{"line":11,"column":22},"end":{"line":11,"column":59}},"line":11},"4":{"name":"(anonymous_4)","decl":{"start":{"line":11,"column":40},"end":{"line":11,"column":41}},"loc":{"start":{"line":11,"column":49},"end":{"line":11,"column":57}},"line":11},"5":{"name":"(anonymous_5)","decl":{"start":{"line":12,"column":13},"end":{"line":12,"column":14}},"loc":{"start":{"line":12,"column":22},"end":{"line":14,"column":7}},"line":12},"6":{"name":"(anonymous_6)","decl":{"start":{"line":24,"column":19},"end":{"line":24,"column":20}},"loc":{"start":{"line":25,"column":10},"end":{"line":25,"column":36}},"line":25}},"branchMap":{"0":{"loc":{"start":{"line":22,"column":7},"end":{"line":22,"column":30}},"type":"binary-expr","locations":[{"start":{"line":22,"column":7},"end":{"line":22,"column":12}},{"start":{"line":22,"column":16},"end":{"line":22,"column":30}}],"line":22}},"s":{"0":1,"1":2,"2":2,"3":2,"4":2,"5":1,"6":1,"7":1,"8":3,"9":0,"10":2,"11":3},"f":{"0":2,"1":1,"2":1,"3":1,"4":3,"5":0,"6":3},"b":{"0":[2,0]},"_coverageSchema":"1a1c01bbd47fc00a2c39e90264f33305004495a9","hash":"f91fec032c5bd4523fb875f21230ac5d726e49d0"}
,"/home/malini/api-crud/app/javascript/common/api.js": {"path":"/home/malini/api-crud/app/javascript/common/api.js","statementMap":{},"fnMap":{},"branchMap":{},"s":{},"f":{},"b":{},"_coverageSchema":"1a1c01bbd47fc00a2c39e90264f33305004495a9","hash":"a8fdef8edc5539b426edcc0e051b6f3c7928c3d1"}
}
