TN:
SF:app/javascript/api/ListItem.js
FN:6,(anonymous_0)
FN:14,(anonymous_1)
FN:17,(anonymous_2)
FN:23,(anonymous_3)
FN:28,(anonymous_4)
FN:31,(anonymous_5)
FN:37,(anonymous_6)
FN:41,(anonymous_7)
FN:48,(anonymous_8)
FN:60,(anonymous_9)
FN:65,(anonymous_10)
FN:70,(anonymous_11)
FN:84,(anonymous_12)
FN:99,(anonymous_13)
FN:104,(anonymous_14)
FN:112,(anonymous_15)
FN:114,(anonymous_16)
FN:118,(anonymous_17)
FN:120,(anonymous_18)
FNF:19
FNH:14
FNDA:4,(anonymous_0)
FNDA:1,(anonymous_1)
FNDA:2,(anonymous_2)
FNDA:1,(anonymous_3)
FNDA:1,(anonymous_4)
FNDA:2,(anonymous_5)
FNDA:1,(anonymous_6)
FNDA:2,(anonymous_7)
FNDA:1,(anonymous_8)
FNDA:1,(anonymous_9)
FNDA:0,(anonymous_10)
FNDA:0,(anonymous_11)
FNDA:6,(anonymous_12)
FNDA:0,(anonymous_13)
FNDA:4,(anonymous_14)
FNDA:0,(anonymous_15)
FNDA:0,(anonymous_16)
FNDA:1,(anonymous_17)
FNDA:1,(anonymous_18)
DA:6,1
DA:7,4
DA:8,4
DA:9,4
DA:10,4
DA:11,4
DA:14,4
DA:15,1
DA:16,1
DA:17,2
DA:20,0
DA:23,4
DA:24,1
DA:25,1
DA:28,4
DA:29,1
DA:30,1
DA:31,2
DA:34,0
DA:37,4
DA:38,1
DA:39,1
DA:41,2
DA:42,1
DA:44,0
DA:48,4
DA:49,1
DA:50,1
DA:53,1
DA:54,0
DA:56,1
DA:60,4
DA:61,1
DA:62,1
DA:65,4
DA:66,0
DA:67,0
DA:70,0
DA:71,0
DA:72,0
DA:73,0
DA:75,0
DA:79,4
DA:85,6
DA:99,0
DA:105,4
DA:112,0
DA:114,0
DA:118,1
DA:120,1
LF:50
LH:36
BRDA:70,0,0,0
BRDA:70,0,1,0
BRDA:83,1,0,4
BRDA:83,1,1,2
BRDA:95,2,0,4
BRDA:95,2,1,2
BRDA:107,3,0,1
BRDA:107,3,1,3
BRF:8
BRH:6
end_of_record
TN:
SF:app/javascript/api/MetricData.helper.js
FN:3,(anonymous_0)
FN:5,(anonymous_1)
FN:27,(anonymous_2)
FN:29,(anonymous_3)
FN:30,(anonymous_4)
FN:40,(anonymous_5)
FN:55,(anonymous_6)
FN:59,(anonymous_7)
FN:84,(anonymous_8)
FN:85,(anonymous_9)
FN:86,(anonymous_10)
FN:108,(anonymous_11)
FN:110,(anonymous_12)
FN:112,(anonymous_13)
FN:128,(anonymous_14)
FN:136,(anonymous_15)
FN:141,(anonymous_16)
FN:165,(anonymous_17)
FN:176,(anonymous_18)
FN:178,(anonymous_19)
FN:190,(anonymous_20)
FN:195,(anonymous_21)
FNF:22
FNH:22
FNDA:3,(anonymous_0)
FNDA:4,(anonymous_1)
FNDA:1,(anonymous_2)
FNDA:2,(anonymous_3)
FNDA:2,(anonymous_4)
FNDA:1,(anonymous_5)
FNDA:9,(anonymous_6)
FNDA:9,(anonymous_7)
FNDA:2,(anonymous_8)
FNDA:2,(anonymous_9)
FNDA:4,(anonymous_10)
FNDA:8,(anonymous_11)
FNDA:8,(anonymous_12)
FNDA:17,(anonymous_13)
FNDA:2,(anonymous_14)
FNDA:14,(anonymous_15)
FNDA:24,(anonymous_16)
FNDA:18,(anonymous_17)
FNDA:2,(anonymous_18)
FNDA:3,(anonymous_19)
FNDA:1,(anonymous_20)
FNDA:1,(anonymous_21)
DA:3,4
DA:4,3
DA:5,3
DA:6,4
DA:7,4
DA:8,4
DA:10,3
DA:27,4
DA:28,1
DA:29,1
DA:30,2
DA:31,2
DA:32,2
DA:33,1
DA:35,2
DA:39,1
DA:40,1
DA:41,1
DA:42,1
DA:43,1
DA:44,1
DA:45,1
DA:52,1
DA:53,1
DA:56,9
DA:59,1
DA:60,9
DA:66,1
DA:84,4
DA:85,2
DA:86,2
DA:87,4
DA:90,2
DA:91,2
DA:108,4
DA:109,8
DA:110,8
DA:111,8
DA:112,8
DA:113,17
DA:116,8
DA:117,1
DA:118,7
DA:119,1
DA:121,6
DA:123,8
DA:125,8
DA:128,4
DA:129,2
DA:136,4
DA:137,14
DA:138,14
DA:139,14
DA:140,14
DA:141,14
DA:142,24
DA:143,24
DA:144,24
DA:145,24
DA:147,14
DA:148,14
DA:149,14
DA:150,7
DA:151,6
DA:153,7
DA:154,6
DA:157,14
DA:158,14
DA:165,4
DA:166,18
DA:167,5
DA:169,13
DA:170,13
DA:171,13
DA:176,4
DA:177,2
DA:178,2
DA:179,3
DA:181,2
DA:190,4
DA:191,1
DA:192,1
DA:195,4
DA:196,1
DA:197,1
LF:85
LH:85
BRDA:7,0,0,2
BRDA:7,0,1,2
BRDA:32,1,0,1
BRDA:32,1,1,1
BRDA:46,2,0,1
BRDA:46,2,1,0
BRDA:47,3,0,1
BRDA:47,3,1,0
BRDA:62,4,0,9
BRDA:62,4,1,0
BRDA:87,5,0,4
BRDA:87,5,1,2
BRDA:108,6,0,5
BRDA:108,7,0,5
BRDA:113,8,0,17
BRDA:113,8,1,12
BRDA:116,9,0,1
BRDA:116,9,1,7
BRDA:116,10,0,8
BRDA:116,10,1,2
BRDA:116,10,2,1
BRDA:118,11,0,1
BRDA:118,11,1,6
BRDA:118,12,0,7
BRDA:118,12,1,1
BRDA:118,12,2,1
BRDA:142,13,0,24
BRDA:142,13,1,2
BRDA:143,14,0,24
BRDA:143,14,1,2
BRDA:144,15,0,24
BRDA:144,15,1,2
BRDA:145,16,0,24
BRDA:145,16,1,2
BRDA:149,17,0,7
BRDA:149,17,1,7
BRDA:150,18,0,6
BRDA:150,18,1,1
BRDA:153,19,0,6
BRDA:153,19,1,1
BRDA:166,20,0,5
BRDA:166,20,1,13
BRDA:167,21,0,3
BRDA:167,21,1,2
BRDA:171,22,0,1
BRDA:171,22,1,12
BRDA:179,23,0,3
BRDA:179,23,1,3
BRDA:181,24,0,2
BRDA:181,24,1,1
BRF:50
BRH:47
end_of_record
TN:
SF:app/javascript/common/Comments.js
FN:3,(anonymous_0)
FN:10,(anonymous_1)
FN:12,(anonymous_2)
FN:13,(anonymous_3)
FN:13,(anonymous_4)
FN:14,(anonymous_5)
FN:24,(anonymous_6)
FNF:7
FNH:6
FNDA:2,(anonymous_0)
FNDA:1,(anonymous_1)
FNDA:1,(anonymous_2)
FNDA:1,(anonymous_3)
FNDA:2,(anonymous_4)
FNDA:0,(anonymous_5)
FNDA:2,(anonymous_6)
DA:3,1
DA:5,2
DA:6,2
DA:10,2
DA:11,1
DA:12,1
DA:13,2
DA:15,0
DA:19,2
DA:25,2
LF:10
LH:9
BRDA:22,0,0,2
BRDA:22,0,1,0
BRF:2
BRH:1
end_of_record
TN:
SF:app/javascript/common/Cont.js
FN:3,(anonymous_0)
FN:11,(anonymous_1)
FNF:2
FNH:1
FNDA:3,(anonymous_0)
FNDA:0,(anonymous_1)
DA:3,1
DA:4,3
DA:11,0
LF:3
LH:2
BRF:0
BRH:0
end_of_record
TN:
SF:app/javascript/common/MobileApi.js
FN:5,(anonymous_0)
FN:10,(anonymous_1)
FN:19,(anonymous_2)
FN:23,(anonymous_3)
FN:25,(anonymous_4)
FN:26,(anonymous_5)
FN:26,(anonymous_6)
FN:27,(anonymous_7)
FN:46,(anonymous_8)
FN:63,(anonymous_9)
FNF:10
FNH:4
FNDA:3,(anonymous_0)
FNDA:3,(anonymous_1)
FNDA:3,(anonymous_2)
FNDA:3,(anonymous_3)
FNDA:0,(anonymous_4)
FNDA:0,(anonymous_5)
FNDA:0,(anonymous_6)
FNDA:0,(anonymous_7)
FNDA:0,(anonymous_8)
FNDA:0,(anonymous_9)
DA:5,1
DA:6,3
DA:7,3
DA:8,3
DA:10,3
DA:11,3
DA:12,3
DA:13,0
DA:16,0
DA:19,3
DA:20,3
DA:23,3
DA:24,3
DA:25,0
DA:26,0
DA:27,0
DA:31,3
DA:47,0
DA:64,0
LF:19
LH:12
BRDA:33,0,0,3
BRDA:33,0,1,0
BRDA:35,1,0,3
BRDA:35,1,1,0
BRDA:61,2,0,3
BRDA:61,2,1,0
BRF:6
BRH:3
end_of_record
TN:
SF:app/javascript/common/MobileList.js
FN:6,(anonymous_0)
FN:26,(anonymous_1)
FN:33,(anonymous_2)
FNF:3
FNH:3
FNDA:2,(anonymous_0)
FNDA:4,(anonymous_1)
FNDA:1,(anonymous_2)
DA:6,2
DA:11,2
DA:27,4
DA:33,1
LF:4
LH:4
BRDA:14,0,0,2
BRDA:14,0,1,0
BRF:2
BRH:1
end_of_record
TN:
SF:app/javascript/common/NavBar.js
FN:4,(anonymous_0)
FNF:1
FNH:1
FNDA:1,(anonymous_0)
DA:4,2
DA:5,1
LF:2
LH:2
BRF:0
BRH:0
end_of_record
TN:
SF:app/javascript/common/PostForm.js
FN:4,(anonymous_0)
FN:7,(anonymous_1)
FN:12,(anonymous_2)
FN:16,(anonymous_3)
FN:20,(anonymous_4)
FN:65,(anonymous_5)
FN:66,(anonymous_6)
FNF:7
FNH:2
FNDA:4,(anonymous_0)
FNDA:0,(anonymous_1)
FNDA:0,(anonymous_2)
FNDA:0,(anonymous_3)
FNDA:0,(anonymous_4)
FNDA:1,(anonymous_5)
FNDA:0,(anonymous_6)
DA:4,1
DA:7,4
DA:8,0
DA:12,4
DA:13,0
DA:16,4
DA:17,0
DA:20,4
DA:21,0
DA:24,4
DA:65,1
DA:66,0
LF:12
LH:7
BRDA:65,0,0,3
BRDA:65,0,1,1
BRDA:65,1,0,0
BRDA:65,1,1,1
BRF:4
BRH:3
end_of_record
TN:
SF:app/javascript/common/Users.js
FN:3,(anonymous_0)
FN:8,(anonymous_1)
FN:10,(anonymous_2)
FN:11,(anonymous_3)
FN:11,(anonymous_4)
FN:12,(anonymous_5)
FN:24,(anonymous_6)
FNF:7
FNH:6
FNDA:2,(anonymous_0)
FNDA:1,(anonymous_1)
FNDA:1,(anonymous_2)
FNDA:1,(anonymous_3)
FNDA:3,(anonymous_4)
FNDA:0,(anonymous_5)
FNDA:3,(anonymous_6)
DA:3,1
DA:4,2
DA:5,2
DA:6,2
DA:8,2
DA:9,1
DA:10,1
DA:11,3
DA:13,0
DA:19,2
DA:25,3
LF:11
LH:10
BRDA:22,0,0,2
BRDA:22,0,1,0
BRF:2
BRH:1
end_of_record
TN:
SF:app/javascript/common/api.js
FNF:0
FNH:0
LF:0
LH:0
BRF:0
BRH:0
end_of_record
